2025-12-08 17:31:46,781 INFO o.a.j.u.JMeterUtils: Setting Locale to en_EN
2025-12-08 17:31:46,798 INFO o.a.j.JMeter: Loading user properties from: /opt/homebrew/Cellar/jmeter/5.6.3/libexec/bin/user.properties
2025-12-08 17:31:46,799 INFO o.a.j.JMeter: Loading system properties from: /opt/homebrew/Cellar/jmeter/5.6.3/libexec/bin/system.properties
2025-12-08 17:31:46,803 INFO o.a.j.JMeter: Copyright (c) 1998-2024 The Apache Software Foundation
2025-12-08 17:31:46,803 INFO o.a.j.JMeter: Version 5.6.3
2025-12-08 17:31:46,803 INFO o.a.j.JMeter: java.version=21.0.8
2025-12-08 17:31:46,803 INFO o.a.j.JMeter: java.vm.name=OpenJDK 64-Bit Server VM
2025-12-08 17:31:46,803 INFO o.a.j.JMeter: os.name=Mac OS X
2025-12-08 17:31:46,803 INFO o.a.j.JMeter: os.arch=aarch64
2025-12-08 17:31:46,803 INFO o.a.j.JMeter: os.version=26.0.1
2025-12-08 17:31:46,803 INFO o.a.j.JMeter: file.encoding=UTF-8
2025-12-08 17:31:46,803 INFO o.a.j.JMeter: java.awt.headless=null
2025-12-08 17:31:46,804 INFO o.a.j.JMeter: Max memory     =1073741824
2025-12-08 17:31:46,804 INFO o.a.j.JMeter: Available Processors =8
2025-12-08 17:31:46,810 INFO o.a.j.JMeter: Default Locale=English (EN)
2025-12-08 17:31:46,810 INFO o.a.j.JMeter: JMeter  Locale=English (EN)
2025-12-08 17:31:46,811 INFO o.a.j.JMeter: JMeterHome=/opt/homebrew/Cellar/jmeter/5.6.3/libexec
2025-12-08 17:31:46,811 INFO o.a.j.JMeter: user.dir  =/Users/luigiauriemma/AntiGravityProject/AC-Gainz-Sustainable
2025-12-08 17:31:46,811 INFO o.a.j.JMeter: PWD       =/Users/luigiauriemma/AntiGravityProject/AC-Gainz-Sustainable
2025-12-08 17:31:46,820 INFO o.a.j.JMeter: IP: 192.168.1.200 Name: MacBookAir.wind3.hub FullName: macbookair.wind3.hub
2025-12-08 17:31:46,829 INFO o.a.j.JMeter: Loaded icon properties from org/apache/jmeter/images/icon.properties
2025-12-08 17:31:47,225 INFO o.a.j.JMeterGuiLauncher: Setting LAF to: com.github.weisj.darklaf.DarkLaf:com.github.weisj.darklaf.theme.DarculaTheme
2025-12-08 17:31:48,805 INFO o.a.j.r.ClassFinder: Will scan jar /opt/homebrew/Cellar/jmeter/5.6.3/libexec/lib/ext/jmeter-plugins-manager-1.9.jar with filter ExtendsClassFilter [parents=[interface org.apache.jmeter.gui.action.Command], inner=false, contains=null, notContains=null]. Consider exposing JMeter plugins via META-INF/services, and add JMeter-Skip-Class-Scanning=true manifest attribute so JMeter can skip classfile scanning
2025-12-08 17:31:48,910 INFO o.a.j.r.ClassFinder: Will scan jar /opt/homebrew/Cellar/jmeter/5.6.3/libexec/lib/ext/jmeter-plugins-manager-1.9.jar with filter ExtendsClassFilter [parents=[interface org.apache.jmeter.gui.plugin.MenuCreator], inner=false, contains=null, notContains=null]. Consider exposing JMeter plugins via META-INF/services, and add JMeter-Skip-Class-Scanning=true manifest attribute so JMeter can skip classfile scanning
2025-12-08 17:31:49,006 INFO o.j.r.JARSourceHTTP: Requesting https://jmeter-plugins.org/repo/?installID=mac_os_x-f7149dfc18ae985c790c5f537e070929-gui
2025-12-08 17:31:50,625 INFO o.j.r.PluginManager: Plugins Status: [jpgc-plugins-manager=1.9, jmeter-core=5.6.3, jmeter-ftp=5.6.3, jmeter-http=5.6.3, jmeter-jdbc=5.6.3, jmeter-jms=5.6.3, jmeter-junit=5.6.3, jmeter-java=5.6.3, jmeter-ldap=5.6.3, jmeter-mail=5.6.3, jmeter-mongodb=5.6.3, jmeter-native=5.6.3, jmeter-tcp=5.6.3, jmeter-components=5.6.3]
2025-12-08 17:31:50,625 INFO o.j.r.PluginManagerMenuItem: Plugins Manager has upgrades: [jpgc-plugins-manager]
2025-12-08 17:32:13,169 INFO o.a.j.s.FileServer: Default base='/Users/luigiauriemma/AntiGravityProject/AC-Gainz-Sustainable'
2025-12-08 17:32:13,170 INFO o.a.j.g.a.Load: Loading file: /Users/luigiauriemma/AntiGravityProject/AC-Gainz-Sustainable/jmeter/Scenario_A_Anonymous.jmx
2025-12-08 17:32:13,170 INFO o.a.j.s.FileServer: Set new base='/Users/luigiauriemma/AntiGravityProject/AC-Gainz-Sustainable/jmeter'
2025-12-08 17:32:13,259 INFO o.a.j.s.SaveService: Testplan (JMX) version: 2.2. Testlog (JTL) version: 2.2
2025-12-08 17:32:13,263 INFO o.a.j.s.SaveService: Using SaveService properties version 5.0
2025-12-08 17:32:13,264 INFO o.a.j.s.SaveService: Using SaveService properties file encoding UTF-8
2025-12-08 17:32:13,265 INFO o.a.j.s.SaveService: Loading file: /Users/luigiauriemma/AntiGravityProject/AC-Gainz-Sustainable/jmeter/Scenario_A_Anonymous.jmx
2025-12-08 17:32:13,304 INFO o.a.j.p.h.c.CookieManager: Settings: Delete null: true Check: true Allow variable: true Save: false Prefix: COOKIE_
2025-12-08 17:32:13,307 INFO o.a.j.p.h.s.HTTPSamplerBase: Parser for text/html is org.apache.jmeter.protocol.http.parser.LagartoBasedHtmlParser
2025-12-08 17:32:13,307 INFO o.a.j.p.h.s.HTTPSamplerBase: Parser for application/xhtml+xml is org.apache.jmeter.protocol.http.parser.LagartoBasedHtmlParser
2025-12-08 17:32:13,307 INFO o.a.j.p.h.s.HTTPSamplerBase: Parser for application/xml is org.apache.jmeter.protocol.http.parser.LagartoBasedHtmlParser
2025-12-08 17:32:13,307 INFO o.a.j.p.h.s.HTTPSamplerBase: Parser for text/xml is org.apache.jmeter.protocol.http.parser.LagartoBasedHtmlParser
2025-12-08 17:32:13,307 INFO o.a.j.p.h.s.HTTPSamplerBase: Parser for text/vnd.wap.wml is org.apache.jmeter.protocol.http.parser.RegexpHTMLParser
2025-12-08 17:32:13,308 INFO o.a.j.p.h.s.HTTPSamplerBase: Parser for text/css is org.apache.jmeter.protocol.http.parser.CssParser
2025-12-08 17:32:13,430 INFO o.a.j.s.SampleResult: Note: Sample TimeStamps are START times
2025-12-08 17:32:13,430 INFO o.a.j.s.SampleResult: sampleresult.default.encoding is set to UTF-8
2025-12-08 17:32:13,430 INFO o.a.j.s.SampleResult: sampleresult.useNanoTime=true
2025-12-08 17:32:13,430 INFO o.a.j.s.SampleResult: sampleresult.nanoThreadSleep=5000
2025-12-08 17:32:13,492 INFO o.a.j.r.ClassFinder: Will scan jar /opt/homebrew/Cellar/jmeter/5.6.3/libexec/lib/ext/jmeter-plugins-manager-1.9.jar with filter ExtendsClassFilter [parents=[interface org.apache.jmeter.visualizers.ResultRenderer], inner=false, contains=null, notContains=null]. Consider exposing JMeter plugins via META-INF/services, and add JMeter-Skip-Class-Scanning=true manifest attribute so JMeter can skip classfile scanning
2025-12-08 17:32:13,503 INFO o.a.j.r.ClassFinder: Will scan jar /opt/homebrew/Cellar/jmeter/5.6.3/libexec/lib/ext/jmeter-plugins-manager-1.9.jar with filter ExtendsClassFilter [parents=[interface org.apache.jmeter.visualizers.RequestView], inner=false, contains=null, notContains=null]. Consider exposing JMeter plugins via META-INF/services, and add JMeter-Skip-Class-Scanning=true manifest attribute so JMeter can skip classfile scanning
2025-12-08 17:32:13,540 INFO o.a.j.s.FileServer: Set new base='/Users/luigiauriemma/AntiGravityProject/AC-Gainz-Sustainable/jmeter'
2025-12-08 17:32:32,944 INFO o.a.j.e.StandardJMeterEngine: Running the test!
2025-12-08 17:32:32,944 INFO o.a.j.s.SampleEvent: List of sample_variables: []
2025-12-08 17:32:32,944 INFO o.a.j.s.SampleEvent: List of sample_variables: []
2025-12-08 17:32:32,945 INFO o.a.j.e.u.CompoundVariable: Note: Function class names must contain the string: '.functions.'
2025-12-08 17:32:32,945 INFO o.a.j.e.u.CompoundVariable: Note: Function class names must not contain the string: '.gui.'
2025-12-08 17:32:32,976 INFO o.a.j.r.ClassFinder: Will scan jar /opt/homebrew/Cellar/jmeter/5.6.3/libexec/lib/ext/jmeter-plugins-manager-1.9.jar with filter ExtendsClassFilter [parents=[interface org.apache.jmeter.functions.Function], inner=false, contains=null, notContains=null]. Consider exposing JMeter plugins via META-INF/services, and add JMeter-Skip-Class-Scanning=true manifest attribute so JMeter can skip classfile scanning
2025-12-08 17:32:32,979 INFO o.a.j.g.u.JMeterMenuBar: setRunning(true, *local*)
2025-12-08 17:32:33,002 INFO o.a.j.e.StandardJMeterEngine: Starting ThreadGroup: 1 : Scenario A: Anonymous User (Read-Only)
2025-12-08 17:32:33,002 INFO o.a.j.e.StandardJMeterEngine: Starting 10 threads for group Scenario A: Anonymous User (Read-Only).
2025-12-08 17:32:33,002 INFO o.a.j.e.StandardJMeterEngine: Thread will continue on error
2025-12-08 17:32:33,003 INFO o.a.j.t.ThreadGroup: Starting thread group... number=1 threads=10 ramp-up=5 delayedStart=false
2025-12-08 17:32:33,004 INFO o.a.j.t.JMeterThread: Thread started: Scenario A: Anonymous User (Read-Only) 1-1
2025-12-08 17:32:33,006 INFO o.a.j.t.ThreadGroup: Started thread group number 1
2025-12-08 17:32:33,006 INFO o.a.j.e.StandardJMeterEngine: All thread groups have been started
2025-12-08 17:32:33,009 INFO o.a.j.p.h.s.HTTPHCAbstractImpl: Local host = MacBookAir.wind3.hub
2025-12-08 17:32:33,013 INFO o.a.j.p.h.s.HTTPHC4Impl: HTTP request retry count = 0
2025-12-08 17:32:33,037 INFO o.a.j.t.JMeterThread: Thread is done: Scenario A: Anonymous User (Read-Only) 1-1
2025-12-08 17:32:33,037 INFO o.a.j.t.JMeterThread: Thread finished: Scenario A: Anonymous User (Read-Only) 1-1
2025-12-08 17:32:33,509 INFO o.a.j.t.JMeterThread: Thread started: Scenario A: Anonymous User (Read-Only) 1-2
2025-12-08 17:32:33,518 INFO o.a.j.t.JMeterThread: Thread is done: Scenario A: Anonymous User (Read-Only) 1-2
2025-12-08 17:32:33,519 INFO o.a.j.t.JMeterThread: Thread finished: Scenario A: Anonymous User (Read-Only) 1-2
2025-12-08 17:32:34,007 INFO o.a.j.t.JMeterThread: Thread started: Scenario A: Anonymous User (Read-Only) 1-3
2025-12-08 17:32:34,018 INFO o.a.j.t.JMeterThread: Thread is done: Scenario A: Anonymous User (Read-Only) 1-3
2025-12-08 17:32:34,018 INFO o.a.j.t.JMeterThread: Thread finished: Scenario A: Anonymous User (Read-Only) 1-3
2025-12-08 17:32:34,504 INFO o.a.j.t.JMeterThread: Thread started: Scenario A: Anonymous User (Read-Only) 1-4
2025-12-08 17:32:34,514 INFO o.a.j.t.JMeterThread: Thread is done: Scenario A: Anonymous User (Read-Only) 1-4
2025-12-08 17:32:34,515 INFO o.a.j.t.JMeterThread: Thread finished: Scenario A: Anonymous User (Read-Only) 1-4
2025-12-08 17:32:35,008 INFO o.a.j.t.JMeterThread: Thread started: Scenario A: Anonymous User (Read-Only) 1-5
2025-12-08 17:32:35,020 INFO o.a.j.t.JMeterThread: Thread is done: Scenario A: Anonymous User (Read-Only) 1-5
2025-12-08 17:32:35,020 INFO o.a.j.t.JMeterThread: Thread finished: Scenario A: Anonymous User (Read-Only) 1-5
2025-12-08 17:32:35,503 INFO o.a.j.t.JMeterThread: Thread started: Scenario A: Anonymous User (Read-Only) 1-6
2025-12-08 17:32:35,512 INFO o.a.j.t.JMeterThread: Thread is done: Scenario A: Anonymous User (Read-Only) 1-6
2025-12-08 17:32:35,513 INFO o.a.j.t.JMeterThread: Thread finished: Scenario A: Anonymous User (Read-Only) 1-6
2025-12-08 17:32:36,007 INFO o.a.j.t.JMeterThread: Thread started: Scenario A: Anonymous User (Read-Only) 1-7
2025-12-08 17:32:36,016 INFO o.a.j.t.JMeterThread: Thread is done: Scenario A: Anonymous User (Read-Only) 1-7
2025-12-08 17:32:36,016 INFO o.a.j.t.JMeterThread: Thread finished: Scenario A: Anonymous User (Read-Only) 1-7
2025-12-08 17:32:36,504 INFO o.a.j.t.JMeterThread: Thread started: Scenario A: Anonymous User (Read-Only) 1-8
2025-12-08 17:32:36,512 INFO o.a.j.t.JMeterThread: Thread is done: Scenario A: Anonymous User (Read-Only) 1-8
2025-12-08 17:32:36,513 INFO o.a.j.t.JMeterThread: Thread finished: Scenario A: Anonymous User (Read-Only) 1-8
2025-12-08 17:32:37,004 INFO o.a.j.t.JMeterThread: Thread started: Scenario A: Anonymous User (Read-Only) 1-9
2025-12-08 17:32:37,012 INFO o.a.j.t.JMeterThread: Thread is done: Scenario A: Anonymous User (Read-Only) 1-9
2025-12-08 17:32:37,012 INFO o.a.j.t.JMeterThread: Thread finished: Scenario A: Anonymous User (Read-Only) 1-9
2025-12-08 17:32:37,510 INFO o.a.j.t.JMeterThread: Thread started: Scenario A: Anonymous User (Read-Only) 1-10
2025-12-08 17:32:37,521 INFO o.a.j.t.JMeterThread: Thread is done: Scenario A: Anonymous User (Read-Only) 1-10
2025-12-08 17:32:37,521 INFO o.a.j.t.JMeterThread: Thread finished: Scenario A: Anonymous User (Read-Only) 1-10
2025-12-08 17:32:37,521 INFO o.a.j.e.StandardJMeterEngine: Notifying test listeners of end of test
2025-12-08 17:32:37,521 INFO o.a.j.g.u.JMeterMenuBar: setRunning(false, *local*)
2025-12-08 17:37:46,549 INFO o.a.j.g.a.Load: Loading file: /Users/luigiauriemma/AntiGravityProject/AC-Gainz-Sustainable/jmeter/Scenario_B_Registered.jmx
2025-12-08 17:37:46,549 INFO o.a.j.s.FileServer: Set new base='/Users/luigiauriemma/AntiGravityProject/AC-Gainz-Sustainable/jmeter'
2025-12-08 17:37:46,550 INFO o.a.j.s.SaveService: Loading file: /Users/luigiauriemma/AntiGravityProject/AC-Gainz-Sustainable/jmeter/Scenario_B_Registered.jmx
2025-12-08 17:37:46,575 INFO o.a.j.r.ClassFinder: Will scan jar /opt/homebrew/Cellar/jmeter/5.6.3/libexec/lib/ext/jmeter-plugins-manager-1.9.jar with filter ExtendsClassFilter [parents=[interface org.apache.jmeter.visualizers.ResultRenderer], inner=false, contains=null, notContains=null]. Consider exposing JMeter plugins via META-INF/services, and add JMeter-Skip-Class-Scanning=true manifest attribute so JMeter can skip classfile scanning
2025-12-08 17:37:46,584 INFO o.a.j.r.ClassFinder: Will scan jar /opt/homebrew/Cellar/jmeter/5.6.3/libexec/lib/ext/jmeter-plugins-manager-1.9.jar with filter ExtendsClassFilter [parents=[interface org.apache.jmeter.visualizers.RequestView], inner=false, contains=null, notContains=null]. Consider exposing JMeter plugins via META-INF/services, and add JMeter-Skip-Class-Scanning=true manifest attribute so JMeter can skip classfile scanning
2025-12-08 17:37:46,607 INFO o.a.j.s.FileServer: Set new base='/Users/luigiauriemma/AntiGravityProject/AC-Gainz-Sustainable/jmeter'
2025-12-08 17:37:53,362 INFO o.a.j.e.StandardJMeterEngine: Running the test!
2025-12-08 17:37:53,362 INFO o.a.j.s.SampleEvent: List of sample_variables: []
2025-12-08 17:37:53,363 INFO o.a.j.g.u.JMeterMenuBar: setRunning(true, *local*)
2025-12-08 17:37:53,398 INFO o.a.j.e.StandardJMeterEngine: Starting ThreadGroup: 1 : Scenario B: Registered User Flow (Transactional)
2025-12-08 17:37:53,398 INFO o.a.j.e.StandardJMeterEngine: Starting 5 threads for group Scenario B: Registered User Flow (Transactional).
2025-12-08 17:37:53,398 INFO o.a.j.e.StandardJMeterEngine: Thread will continue on error
2025-12-08 17:37:53,398 INFO o.a.j.t.ThreadGroup: Starting thread group... number=1 threads=5 ramp-up=10 delayedStart=false
2025-12-08 17:37:53,399 INFO o.a.j.t.JMeterThread: Thread started: Scenario B: Registered User Flow (Transactional) 1-1
2025-12-08 17:37:53,400 INFO o.a.j.t.ThreadGroup: Started thread group number 1
2025-12-08 17:37:53,400 INFO o.a.j.e.StandardJMeterEngine: All thread groups have been started
2025-12-08 17:37:53,419 INFO o.a.j.t.JMeterThread: Thread is done: Scenario B: Registered User Flow (Transactional) 1-1
2025-12-08 17:37:53,419 INFO o.a.j.t.JMeterThread: Thread finished: Scenario B: Registered User Flow (Transactional) 1-1
2025-12-08 17:37:55,401 INFO o.a.j.t.JMeterThread: Thread started: Scenario B: Registered User Flow (Transactional) 1-2
2025-12-08 17:37:55,425 INFO o.a.j.t.JMeterThread: Thread is done: Scenario B: Registered User Flow (Transactional) 1-2
2025-12-08 17:37:55,425 INFO o.a.j.t.JMeterThread: Thread finished: Scenario B: Registered User Flow (Transactional) 1-2
2025-12-08 17:37:57,403 INFO o.a.j.t.JMeterThread: Thread started: Scenario B: Registered User Flow (Transactional) 1-3
2025-12-08 17:37:57,429 INFO o.a.j.t.JMeterThread: Thread is done: Scenario B: Registered User Flow (Transactional) 1-3
2025-12-08 17:37:57,429 INFO o.a.j.t.JMeterThread: Thread finished: Scenario B: Registered User Flow (Transactional) 1-3
2025-12-08 17:37:59,404 INFO o.a.j.t.JMeterThread: Thread started: Scenario B: Registered User Flow (Transactional) 1-4
2025-12-08 17:37:59,429 INFO o.a.j.t.JMeterThread: Thread is done: Scenario B: Registered User Flow (Transactional) 1-4
2025-12-08 17:37:59,429 INFO o.a.j.t.JMeterThread: Thread finished: Scenario B: Registered User Flow (Transactional) 1-4
2025-12-08 17:38:01,402 INFO o.a.j.t.JMeterThread: Thread started: Scenario B: Registered User Flow (Transactional) 1-5
2025-12-08 17:38:01,426 INFO o.a.j.t.JMeterThread: Thread is done: Scenario B: Registered User Flow (Transactional) 1-5
2025-12-08 17:38:01,427 INFO o.a.j.t.JMeterThread: Thread finished: Scenario B: Registered User Flow (Transactional) 1-5
2025-12-08 17:38:01,427 INFO o.a.j.e.StandardJMeterEngine: Notifying test listeners of end of test
2025-12-08 17:38:01,427 INFO o.a.j.g.u.JMeterMenuBar: setRunning(false, *local*)
2025-12-08 17:38:57,126 INFO o.a.j.g.a.Load: Loading file: /Users/luigiauriemma/AntiGravityProject/AC-Gainz-Sustainable/jmeter/Scenario_C_CheckoutStress.jmx
2025-12-08 17:38:57,126 INFO o.a.j.s.FileServer: Set new base='/Users/luigiauriemma/AntiGravityProject/AC-Gainz-Sustainable/jmeter'
2025-12-08 17:38:57,127 INFO o.a.j.s.SaveService: Loading file: /Users/luigiauriemma/AntiGravityProject/AC-Gainz-Sustainable/jmeter/Scenario_C_CheckoutStress.jmx
2025-12-08 17:38:57,150 INFO o.a.j.r.ClassFinder: Will scan jar /opt/homebrew/Cellar/jmeter/5.6.3/libexec/lib/ext/jmeter-plugins-manager-1.9.jar with filter ExtendsClassFilter [parents=[interface org.apache.jmeter.visualizers.ResultRenderer], inner=false, contains=null, notContains=null]. Consider exposing JMeter plugins via META-INF/services, and add JMeter-Skip-Class-Scanning=true manifest attribute so JMeter can skip classfile scanning
2025-12-08 17:38:57,156 INFO o.a.j.r.ClassFinder: Will scan jar /opt/homebrew/Cellar/jmeter/5.6.3/libexec/lib/ext/jmeter-plugins-manager-1.9.jar with filter ExtendsClassFilter [parents=[interface org.apache.jmeter.visualizers.RequestView], inner=false, contains=null, notContains=null]. Consider exposing JMeter plugins via META-INF/services, and add JMeter-Skip-Class-Scanning=true manifest attribute so JMeter can skip classfile scanning
2025-12-08 17:38:57,178 INFO o.a.j.s.FileServer: Set new base='/Users/luigiauriemma/AntiGravityProject/AC-Gainz-Sustainable/jmeter'
2025-12-08 17:38:59,581 INFO o.a.j.e.StandardJMeterEngine: Running the test!
2025-12-08 17:38:59,582 INFO o.a.j.s.SampleEvent: List of sample_variables: []
2025-12-08 17:38:59,582 INFO o.a.j.g.u.JMeterMenuBar: setRunning(true, *local*)
2025-12-08 17:38:59,619 INFO o.a.j.e.StandardJMeterEngine: Starting ThreadGroup: 1 : Checkout Users
2025-12-08 17:38:59,619 INFO o.a.j.e.StandardJMeterEngine: Starting 10 threads for group Checkout Users.
2025-12-08 17:38:59,619 INFO o.a.j.e.StandardJMeterEngine: Thread will continue on error
2025-12-08 17:38:59,620 INFO o.a.j.t.ThreadGroup: Starting thread group... number=1 threads=10 ramp-up=5 delayedStart=false
2025-12-08 17:38:59,620 INFO o.a.j.t.JMeterThread: Thread started: Checkout Users 1-1
2025-12-08 17:38:59,623 INFO o.a.j.t.ThreadGroup: Started thread group number 1
2025-12-08 17:38:59,623 INFO o.a.j.e.StandardJMeterEngine: All thread groups have been started
2025-12-08 17:38:59,646 WARN o.a.j.p.h.s.HTTPSamplerBase: Existing CookieManager HTTP Cookie Manager superseded by HTTP Cookie Manager
2025-12-08 17:38:59,662 WARN o.a.j.p.h.s.HTTPSamplerBase: Existing CookieManager HTTP Cookie Manager superseded by HTTP Cookie Manager
2025-12-08 17:38:59,665 WARN o.a.j.p.h.s.HTTPSamplerBase: Existing CookieManager HTTP Cookie Manager superseded by HTTP Cookie Manager
2025-12-08 17:38:59,681 WARN o.a.j.p.h.s.HTTPSamplerBase: Existing CookieManager HTTP Cookie Manager superseded by HTTP Cookie Manager
2025-12-08 17:38:59,683 WARN o.a.j.p.h.s.HTTPSamplerBase: Existing CookieManager HTTP Cookie Manager superseded by HTTP Cookie Manager
2025-12-08 17:38:59,697 WARN o.a.j.p.h.s.HTTPSamplerBase: Existing CookieManager HTTP Cookie Manager superseded by HTTP Cookie Manager
2025-12-08 17:38:59,700 WARN o.a.j.p.h.s.HTTPSamplerBase: Existing CookieManager HTTP Cookie Manager superseded by HTTP Cookie Manager
2025-12-08 17:38:59,711 WARN o.a.j.p.h.s.HTTPSamplerBase: Existing CookieManager HTTP Cookie Manager superseded by HTTP Cookie Manager
2025-12-08 17:38:59,713 INFO o.a.j.t.JMeterThread: Thread is done: Checkout Users 1-1
2025-12-08 17:38:59,713 INFO o.a.j.t.JMeterThread: Thread finished: Checkout Users 1-1
2025-12-08 17:39:00,126 INFO o.a.j.t.JMeterThread: Thread started: Checkout Users 1-2
2025-12-08 17:39:00,165 WARN o.a.j.p.h.s.HTTPSamplerBase: Existing CookieManager HTTP Cookie Manager superseded by HTTP Cookie Manager
2025-12-08 17:39:00,187 WARN o.a.j.p.h.s.HTTPSamplerBase: Existing CookieManager HTTP Cookie Manager superseded by HTTP Cookie Manager
2025-12-08 17:39:00,194 WARN o.a.j.p.h.s.HTTPSamplerBase: Existing CookieManager HTTP Cookie Manager superseded by HTTP Cookie Manager
2025-12-08 17:39:00,213 WARN o.a.j.p.h.s.HTTPSamplerBase: Existing CookieManager HTTP Cookie Manager superseded by HTTP Cookie Manager
2025-12-08 17:39:00,216 WARN o.a.j.p.h.s.HTTPSamplerBase: Existing CookieManager HTTP Cookie Manager superseded by HTTP Cookie Manager
2025-12-08 17:39:00,234 WARN o.a.j.p.h.s.HTTPSamplerBase: Existing CookieManager HTTP Cookie Manager superseded by HTTP Cookie Manager
2025-12-08 17:39:00,237 WARN o.a.j.p.h.s.HTTPSamplerBase: Existing CookieManager HTTP Cookie Manager superseded by HTTP Cookie Manager
2025-12-08 17:39:00,253 WARN o.a.j.p.h.s.HTTPSamplerBase: Existing CookieManager HTTP Cookie Manager superseded by HTTP Cookie Manager
2025-12-08 17:39:00,257 INFO o.a.j.t.JMeterThread: Thread is done: Checkout Users 1-2
2025-12-08 17:39:00,257 INFO o.a.j.t.JMeterThread: Thread finished: Checkout Users 1-2
2025-12-08 17:39:00,625 INFO o.a.j.t.JMeterThread: Thread started: Checkout Users 1-3
2025-12-08 17:39:00,657 WARN o.a.j.p.h.s.HTTPSamplerBase: Existing CookieManager HTTP Cookie Manager superseded by HTTP Cookie Manager
2025-12-08 17:39:00,680 WARN o.a.j.p.h.s.HTTPSamplerBase: Existing CookieManager HTTP Cookie Manager superseded by HTTP Cookie Manager
2025-12-08 17:39:00,684 WARN o.a.j.p.h.s.HTTPSamplerBase: Existing CookieManager HTTP Cookie Manager superseded by HTTP Cookie Manager
2025-12-08 17:39:00,705 WARN o.a.j.p.h.s.HTTPSamplerBase: Existing CookieManager HTTP Cookie Manager superseded by HTTP Cookie Manager
2025-12-08 17:39:00,708 WARN o.a.j.p.h.s.HTTPSamplerBase: Existing CookieManager HTTP Cookie Manager superseded by HTTP Cookie Manager
2025-12-08 17:39:00,724 WARN o.a.j.p.h.s.HTTPSamplerBase: Existing CookieManager HTTP Cookie Manager superseded by HTTP Cookie Manager
2025-12-08 17:39:00,728 WARN o.a.j.p.h.s.HTTPSamplerBase: Existing CookieManager HTTP Cookie Manager superseded by HTTP Cookie Manager
2025-12-08 17:39:00,777 WARN o.a.j.p.h.s.HTTPSamplerBase: Existing CookieManager HTTP Cookie Manager superseded by HTTP Cookie Manager
2025-12-08 17:39:00,781 INFO o.a.j.t.JMeterThread: Thread is done: Checkout Users 1-3
2025-12-08 17:39:00,781 INFO o.a.j.t.JMeterThread: Thread finished: Checkout Users 1-3
2025-12-08 17:39:01,126 INFO o.a.j.t.JMeterThread: Thread started: Checkout Users 1-4
2025-12-08 17:39:01,162 WARN o.a.j.p.h.s.HTTPSamplerBase: Existing CookieManager HTTP Cookie Manager superseded by HTTP Cookie Manager
2025-12-08 17:39:01,184 WARN o.a.j.p.h.s.HTTPSamplerBase: Existing CookieManager HTTP Cookie Manager superseded by HTTP Cookie Manager
2025-12-08 17:39:01,188 WARN o.a.j.p.h.s.HTTPSamplerBase: Existing CookieManager HTTP Cookie Manager superseded by HTTP Cookie Manager
2025-12-08 17:39:01,215 WARN o.a.j.p.h.s.HTTPSamplerBase: Existing CookieManager HTTP Cookie Manager superseded by HTTP Cookie Manager
2025-12-08 17:39:01,218 WARN o.a.j.p.h.s.HTTPSamplerBase: Existing CookieManager HTTP Cookie Manager superseded by HTTP Cookie Manager
2025-12-08 17:39:01,233 WARN o.a.j.p.h.s.HTTPSamplerBase: Existing CookieManager HTTP Cookie Manager superseded by HTTP Cookie Manager
2025-12-08 17:39:01,236 WARN o.a.j.p.h.s.HTTPSamplerBase: Existing CookieManager HTTP Cookie Manager superseded by HTTP Cookie Manager
2025-12-08 17:39:01,251 WARN o.a.j.p.h.s.HTTPSamplerBase: Existing CookieManager HTTP Cookie Manager superseded by HTTP Cookie Manager
2025-12-08 17:39:01,254 INFO o.a.j.t.JMeterThread: Thread is done: Checkout Users 1-4
2025-12-08 17:39:01,254 INFO o.a.j.t.JMeterThread: Thread finished: Checkout Users 1-4
2025-12-08 17:39:01,623 INFO o.a.j.t.JMeterThread: Thread started: Checkout Users 1-5
2025-12-08 17:39:01,659 WARN o.a.j.p.h.s.HTTPSamplerBase: Existing CookieManager HTTP Cookie Manager superseded by HTTP Cookie Manager
2025-12-08 17:39:01,681 WARN o.a.j.p.h.s.HTTPSamplerBase: Existing CookieManager HTTP Cookie Manager superseded by HTTP Cookie Manager
2025-12-08 17:39:01,685 WARN o.a.j.p.h.s.HTTPSamplerBase: Existing CookieManager HTTP Cookie Manager superseded by HTTP Cookie Manager
2025-12-08 17:39:01,708 WARN o.a.j.p.h.s.HTTPSamplerBase: Existing CookieManager HTTP Cookie Manager superseded by HTTP Cookie Manager
2025-12-08 17:39:01,720 WARN o.a.j.p.h.s.HTTPSamplerBase: Existing CookieManager HTTP Cookie Manager superseded by HTTP Cookie Manager
2025-12-08 17:39:01,731 WARN o.a.j.p.h.s.HTTPSamplerBase: Existing CookieManager HTTP Cookie Manager superseded by HTTP Cookie Manager
2025-12-08 17:39:01,734 WARN o.a.j.p.h.s.HTTPSamplerBase: Existing CookieManager HTTP Cookie Manager superseded by HTTP Cookie Manager
2025-12-08 17:39:01,744 WARN o.a.j.p.h.s.HTTPSamplerBase: Existing CookieManager HTTP Cookie Manager superseded by HTTP Cookie Manager
2025-12-08 17:39:01,746 INFO o.a.j.t.JMeterThread: Thread is done: Checkout Users 1-5
2025-12-08 17:39:01,746 INFO o.a.j.t.JMeterThread: Thread finished: Checkout Users 1-5
2025-12-08 17:39:02,127 INFO o.a.j.t.JMeterThread: Thread started: Checkout Users 1-6
2025-12-08 17:39:02,153 WARN o.a.j.p.h.s.HTTPSamplerBase: Existing CookieManager HTTP Cookie Manager superseded by HTTP Cookie Manager
2025-12-08 17:39:02,168 WARN o.a.j.p.h.s.HTTPSamplerBase: Existing CookieManager HTTP Cookie Manager superseded by HTTP Cookie Manager
2025-12-08 17:39:02,170 WARN o.a.j.p.h.s.HTTPSamplerBase: Existing CookieManager HTTP Cookie Manager superseded by HTTP Cookie Manager
2025-12-08 17:39:02,180 WARN o.a.j.p.h.s.HTTPSamplerBase: Existing CookieManager HTTP Cookie Manager superseded by HTTP Cookie Manager
2025-12-08 17:39:02,182 WARN o.a.j.p.h.s.HTTPSamplerBase: Existing CookieManager HTTP Cookie Manager superseded by HTTP Cookie Manager
2025-12-08 17:39:02,193 WARN o.a.j.p.h.s.HTTPSamplerBase: Existing CookieManager HTTP Cookie Manager superseded by HTTP Cookie Manager
2025-12-08 17:39:02,195 WARN o.a.j.p.h.s.HTTPSamplerBase: Existing CookieManager HTTP Cookie Manager superseded by HTTP Cookie Manager
2025-12-08 17:39:02,211 WARN o.a.j.p.h.s.HTTPSamplerBase: Existing CookieManager HTTP Cookie Manager superseded by HTTP Cookie Manager
2025-12-08 17:39:02,213 INFO o.a.j.t.JMeterThread: Thread is done: Checkout Users 1-6
2025-12-08 17:39:02,213 INFO o.a.j.t.JMeterThread: Thread finished: Checkout Users 1-6
2025-12-08 17:39:02,622 INFO o.a.j.t.JMeterThread: Thread started: Checkout Users 1-7
2025-12-08 17:39:02,646 WARN o.a.j.p.h.s.HTTPSamplerBase: Existing CookieManager HTTP Cookie Manager superseded by HTTP Cookie Manager
2025-12-08 17:39:02,657 WARN o.a.j.p.h.s.HTTPSamplerBase: Existing CookieManager HTTP Cookie Manager superseded by HTTP Cookie Manager
2025-12-08 17:39:02,659 WARN o.a.j.p.h.s.HTTPSamplerBase: Existing CookieManager HTTP Cookie Manager superseded by HTTP Cookie Manager
2025-12-08 17:39:02,674 WARN o.a.j.p.h.s.HTTPSamplerBase: Existing CookieManager HTTP Cookie Manager superseded by HTTP Cookie Manager
2025-12-08 17:39:02,676 WARN o.a.j.p.h.s.HTTPSamplerBase: Existing CookieManager HTTP Cookie Manager superseded by HTTP Cookie Manager
2025-12-08 17:39:02,688 WARN o.a.j.p.h.s.HTTPSamplerBase: Existing CookieManager HTTP Cookie Manager superseded by HTTP Cookie Manager
2025-12-08 17:39:02,691 WARN o.a.j.p.h.s.HTTPSamplerBase: Existing CookieManager HTTP Cookie Manager superseded by HTTP Cookie Manager
2025-12-08 17:39:02,710 WARN o.a.j.p.h.s.HTTPSamplerBase: Existing CookieManager HTTP Cookie Manager superseded by HTTP Cookie Manager
2025-12-08 17:39:02,712 INFO o.a.j.t.JMeterThread: Thread is done: Checkout Users 1-7
2025-12-08 17:39:02,712 INFO o.a.j.t.JMeterThread: Thread finished: Checkout Users 1-7
2025-12-08 17:39:03,125 INFO o.a.j.t.JMeterThread: Thread started: Checkout Users 1-8
2025-12-08 17:39:03,150 WARN o.a.j.p.h.s.HTTPSamplerBase: Existing CookieManager HTTP Cookie Manager superseded by HTTP Cookie Manager
2025-12-08 17:39:03,165 WARN o.a.j.p.h.s.HTTPSamplerBase: Existing CookieManager HTTP Cookie Manager superseded by HTTP Cookie Manager
2025-12-08 17:39:03,169 WARN o.a.j.p.h.s.HTTPSamplerBase: Existing CookieManager HTTP Cookie Manager superseded by HTTP Cookie Manager
2025-12-08 17:39:03,182 WARN o.a.j.p.h.s.HTTPSamplerBase: Existing CookieManager HTTP Cookie Manager superseded by HTTP Cookie Manager
2025-12-08 17:39:03,184 WARN o.a.j.p.h.s.HTTPSamplerBase: Existing CookieManager HTTP Cookie Manager superseded by HTTP Cookie Manager
2025-12-08 17:39:03,193 WARN o.a.j.p.h.s.HTTPSamplerBase: Existing CookieManager HTTP Cookie Manager superseded by HTTP Cookie Manager
2025-12-08 17:39:03,195 WARN o.a.j.p.h.s.HTTPSamplerBase: Existing CookieManager HTTP Cookie Manager superseded by HTTP Cookie Manager
2025-12-08 17:39:03,217 WARN o.a.j.p.h.s.HTTPSamplerBase: Existing CookieManager HTTP Cookie Manager superseded by HTTP Cookie Manager
2025-12-08 17:39:03,219 INFO o.a.j.t.JMeterThread: Thread is done: Checkout Users 1-8
2025-12-08 17:39:03,220 INFO o.a.j.t.JMeterThread: Thread finished: Checkout Users 1-8
2025-12-08 17:39:03,625 INFO o.a.j.t.JMeterThread: Thread started: Checkout Users 1-9
2025-12-08 17:39:03,659 WARN o.a.j.p.h.s.HTTPSamplerBase: Existing CookieManager HTTP Cookie Manager superseded by HTTP Cookie Manager
2025-12-08 17:39:03,677 WARN o.a.j.p.h.s.HTTPSamplerBase: Existing CookieManager HTTP Cookie Manager superseded by HTTP Cookie Manager
2025-12-08 17:39:03,681 WARN o.a.j.p.h.s.HTTPSamplerBase: Existing CookieManager HTTP Cookie Manager superseded by HTTP Cookie Manager
2025-12-08 17:39:03,695 WARN o.a.j.p.h.s.HTTPSamplerBase: Existing CookieManager HTTP Cookie Manager superseded by HTTP Cookie Manager
2025-12-08 17:39:03,698 WARN o.a.j.p.h.s.HTTPSamplerBase: Existing CookieManager HTTP Cookie Manager superseded by HTTP Cookie Manager
2025-12-08 17:39:03,723 WARN o.a.j.p.h.s.HTTPSamplerBase: Existing CookieManager HTTP Cookie Manager superseded by HTTP Cookie Manager
2025-12-08 17:39:03,725 WARN o.a.j.p.h.s.HTTPSamplerBase: Existing CookieManager HTTP Cookie Manager superseded by HTTP Cookie Manager
2025-12-08 17:39:03,736 WARN o.a.j.p.h.s.HTTPSamplerBase: Existing CookieManager HTTP Cookie Manager superseded by HTTP Cookie Manager
2025-12-08 17:39:03,738 INFO o.a.j.t.JMeterThread: Thread is done: Checkout Users 1-9
2025-12-08 17:39:03,738 INFO o.a.j.t.JMeterThread: Thread finished: Checkout Users 1-9
2025-12-08 17:39:04,126 INFO o.a.j.t.JMeterThread: Thread started: Checkout Users 1-10
2025-12-08 17:39:04,160 WARN o.a.j.p.h.s.HTTPSamplerBase: Existing CookieManager HTTP Cookie Manager superseded by HTTP Cookie Manager
2025-12-08 17:39:04,179 WARN o.a.j.p.h.s.HTTPSamplerBase: Existing CookieManager HTTP Cookie Manager superseded by HTTP Cookie Manager
2025-12-08 17:39:04,183 WARN o.a.j.p.h.s.HTTPSamplerBase: Existing CookieManager HTTP Cookie Manager superseded by HTTP Cookie Manager
2025-12-08 17:39:04,201 WARN o.a.j.p.h.s.HTTPSamplerBase: Existing CookieManager HTTP Cookie Manager superseded by HTTP Cookie Manager
2025-12-08 17:39:04,221 WARN o.a.j.p.h.s.HTTPSamplerBase: Existing CookieManager HTTP Cookie Manager superseded by HTTP Cookie Manager
2025-12-08 17:39:04,239 WARN o.a.j.p.h.s.HTTPSamplerBase: Existing CookieManager HTTP Cookie Manager superseded by HTTP Cookie Manager
2025-12-08 17:39:04,242 WARN o.a.j.p.h.s.HTTPSamplerBase: Existing CookieManager HTTP Cookie Manager superseded by HTTP Cookie Manager
2025-12-08 17:39:04,256 WARN o.a.j.p.h.s.HTTPSamplerBase: Existing CookieManager HTTP Cookie Manager superseded by HTTP Cookie Manager
2025-12-08 17:39:04,258 INFO o.a.j.t.JMeterThread: Thread is done: Checkout Users 1-10
2025-12-08 17:39:04,258 INFO o.a.j.t.JMeterThread: Thread finished: Checkout Users 1-10
2025-12-08 17:39:04,258 INFO o.a.j.e.StandardJMeterEngine: Notifying test listeners of end of test
2025-12-08 17:39:04,258 INFO o.a.j.g.u.JMeterMenuBar: setRunning(false, *local*)
2025-12-08 17:39:53,261 INFO o.a.j.g.a.Load: Loading file: /Users/luigiauriemma/AntiGravityProject/AC-Gainz-Sustainable/jmeter/Scenario_D_CartStress.jmx
2025-12-08 17:39:53,261 INFO o.a.j.s.FileServer: Set new base='/Users/luigiauriemma/AntiGravityProject/AC-Gainz-Sustainable/jmeter'
2025-12-08 17:39:53,262 INFO o.a.j.s.SaveService: Loading file: /Users/luigiauriemma/AntiGravityProject/AC-Gainz-Sustainable/jmeter/Scenario_D_CartStress.jmx
2025-12-08 17:39:53,284 INFO o.a.j.r.ClassFinder: Will scan jar /opt/homebrew/Cellar/jmeter/5.6.3/libexec/lib/ext/jmeter-plugins-manager-1.9.jar with filter ExtendsClassFilter [parents=[interface org.apache.jmeter.visualizers.ResultRenderer], inner=false, contains=null, notContains=null]. Consider exposing JMeter plugins via META-INF/services, and add JMeter-Skip-Class-Scanning=true manifest attribute so JMeter can skip classfile scanning
2025-12-08 17:39:53,291 INFO o.a.j.r.ClassFinder: Will scan jar /opt/homebrew/Cellar/jmeter/5.6.3/libexec/lib/ext/jmeter-plugins-manager-1.9.jar with filter ExtendsClassFilter [parents=[interface org.apache.jmeter.visualizers.RequestView], inner=false, contains=null, notContains=null]. Consider exposing JMeter plugins via META-INF/services, and add JMeter-Skip-Class-Scanning=true manifest attribute so JMeter can skip classfile scanning
2025-12-08 17:39:53,311 INFO o.a.j.s.FileServer: Set new base='/Users/luigiauriemma/AntiGravityProject/AC-Gainz-Sustainable/jmeter'
2025-12-08 17:39:55,384 INFO o.a.j.e.StandardJMeterEngine: Running the test!
2025-12-08 17:39:55,385 INFO o.a.j.s.SampleEvent: List of sample_variables: []
2025-12-08 17:39:55,385 INFO o.a.j.g.u.JMeterMenuBar: setRunning(true, *local*)
2025-12-08 17:39:55,420 INFO o.a.j.e.StandardJMeterEngine: Starting ThreadGroup: 1 : Cart Stress Users
2025-12-08 17:39:55,420 INFO o.a.j.e.StandardJMeterEngine: Starting 50 threads for group Cart Stress Users.
2025-12-08 17:39:55,420 INFO o.a.j.e.StandardJMeterEngine: Thread will continue on error
2025-12-08 17:39:55,420 INFO o.a.j.t.ThreadGroup: Starting thread group... number=1 threads=50 ramp-up=10 delayedStart=false
2025-12-08 17:39:55,421 INFO o.a.j.t.JMeterThread: Thread started: Cart Stress Users 1-1
2025-12-08 17:39:55,433 INFO o.a.j.t.ThreadGroup: Started thread group number 1
2025-12-08 17:39:55,433 INFO o.a.j.e.StandardJMeterEngine: All thread groups have been started
2025-12-08 17:39:55,607 INFO o.a.j.t.JMeterThread: Thread is done: Cart Stress Users 1-1
2025-12-08 17:39:55,607 INFO o.a.j.t.JMeterThread: Thread finished: Cart Stress Users 1-1
2025-12-08 17:39:55,624 INFO o.a.j.t.JMeterThread: Thread started: Cart Stress Users 1-2
2025-12-08 17:39:55,777 INFO o.a.j.t.JMeterThread: Thread is done: Cart Stress Users 1-2
2025-12-08 17:39:55,777 INFO o.a.j.t.JMeterThread: Thread finished: Cart Stress Users 1-2
2025-12-08 17:39:55,826 INFO o.a.j.t.JMeterThread: Thread started: Cart Stress Users 1-3
2025-12-08 17:39:55,972 INFO o.a.j.t.JMeterThread: Thread is done: Cart Stress Users 1-3
2025-12-08 17:39:55,972 INFO o.a.j.t.JMeterThread: Thread finished: Cart Stress Users 1-3
2025-12-08 17:39:56,026 INFO o.a.j.t.JMeterThread: Thread started: Cart Stress Users 1-4
2025-12-08 17:39:56,172 INFO o.a.j.t.JMeterThread: Thread is done: Cart Stress Users 1-4
2025-12-08 17:39:56,172 INFO o.a.j.t.JMeterThread: Thread finished: Cart Stress Users 1-4
2025-12-08 17:39:56,224 INFO o.a.j.t.JMeterThread: Thread started: Cart Stress Users 1-5
2025-12-08 17:39:56,365 INFO o.a.j.t.JMeterThread: Thread is done: Cart Stress Users 1-5
2025-12-08 17:39:56,365 INFO o.a.j.t.JMeterThread: Thread finished: Cart Stress Users 1-5
2025-12-08 17:39:56,423 INFO o.a.j.t.JMeterThread: Thread started: Cart Stress Users 1-6
2025-12-08 17:39:56,549 INFO o.a.j.t.JMeterThread: Thread is done: Cart Stress Users 1-6
2025-12-08 17:39:56,549 INFO o.a.j.t.JMeterThread: Thread finished: Cart Stress Users 1-6
2025-12-08 17:39:56,623 INFO o.a.j.t.JMeterThread: Thread started: Cart Stress Users 1-7
2025-12-08 17:39:56,747 INFO o.a.j.t.JMeterThread: Thread is done: Cart Stress Users 1-7
2025-12-08 17:39:56,747 INFO o.a.j.t.JMeterThread: Thread finished: Cart Stress Users 1-7
2025-12-08 17:39:56,821 INFO o.a.j.t.JMeterThread: Thread started: Cart Stress Users 1-8
2025-12-08 17:39:56,955 INFO o.a.j.t.JMeterThread: Thread is done: Cart Stress Users 1-8
2025-12-08 17:39:56,956 INFO o.a.j.t.JMeterThread: Thread finished: Cart Stress Users 1-8
2025-12-08 17:39:57,024 INFO o.a.j.t.JMeterThread: Thread started: Cart Stress Users 1-9
2025-12-08 17:39:57,146 INFO o.a.j.t.JMeterThread: Thread is done: Cart Stress Users 1-9
2025-12-08 17:39:57,146 INFO o.a.j.t.JMeterThread: Thread finished: Cart Stress Users 1-9
2025-12-08 17:39:57,224 INFO o.a.j.t.JMeterThread: Thread started: Cart Stress Users 1-10
2025-12-08 17:39:57,353 INFO o.a.j.t.JMeterThread: Thread is done: Cart Stress Users 1-10
2025-12-08 17:39:57,354 INFO o.a.j.t.JMeterThread: Thread finished: Cart Stress Users 1-10
2025-12-08 17:39:57,424 INFO o.a.j.t.JMeterThread: Thread started: Cart Stress Users 1-11
2025-12-08 17:39:57,535 INFO o.a.j.t.JMeterThread: Thread is done: Cart Stress Users 1-11
2025-12-08 17:39:57,535 INFO o.a.j.t.JMeterThread: Thread finished: Cart Stress Users 1-11
2025-12-08 17:39:57,622 INFO o.a.j.t.JMeterThread: Thread started: Cart Stress Users 1-12
2025-12-08 17:39:57,747 INFO o.a.j.t.JMeterThread: Thread is done: Cart Stress Users 1-12
2025-12-08 17:39:57,747 INFO o.a.j.t.JMeterThread: Thread finished: Cart Stress Users 1-12
2025-12-08 17:39:57,823 INFO o.a.j.t.JMeterThread: Thread started: Cart Stress Users 1-13
2025-12-08 17:39:57,948 INFO o.a.j.t.JMeterThread: Thread is done: Cart Stress Users 1-13
2025-12-08 17:39:57,948 INFO o.a.j.t.JMeterThread: Thread finished: Cart Stress Users 1-13
2025-12-08 17:39:58,022 INFO o.a.j.t.JMeterThread: Thread started: Cart Stress Users 1-14
2025-12-08 17:39:58,178 INFO o.a.j.t.JMeterThread: Thread is done: Cart Stress Users 1-14
2025-12-08 17:39:58,178 INFO o.a.j.t.JMeterThread: Thread finished: Cart Stress Users 1-14
2025-12-08 17:39:58,222 INFO o.a.j.t.JMeterThread: Thread started: Cart Stress Users 1-15
2025-12-08 17:39:58,384 INFO o.a.j.t.JMeterThread: Thread is done: Cart Stress Users 1-15
2025-12-08 17:39:58,384 INFO o.a.j.t.JMeterThread: Thread finished: Cart Stress Users 1-15
2025-12-08 17:39:58,423 INFO o.a.j.t.JMeterThread: Thread started: Cart Stress Users 1-16
2025-12-08 17:39:58,531 INFO o.a.j.t.JMeterThread: Thread is done: Cart Stress Users 1-16
2025-12-08 17:39:58,532 INFO o.a.j.t.JMeterThread: Thread finished: Cart Stress Users 1-16
2025-12-08 17:39:58,623 INFO o.a.j.t.JMeterThread: Thread started: Cart Stress Users 1-17
2025-12-08 17:39:58,730 INFO o.a.j.t.JMeterThread: Thread is done: Cart Stress Users 1-17
2025-12-08 17:39:58,730 INFO o.a.j.t.JMeterThread: Thread finished: Cart Stress Users 1-17
2025-12-08 17:39:58,826 INFO o.a.j.t.JMeterThread: Thread started: Cart Stress Users 1-18
2025-12-08 17:39:58,956 INFO o.a.j.t.JMeterThread: Thread is done: Cart Stress Users 1-18
2025-12-08 17:39:58,956 INFO o.a.j.t.JMeterThread: Thread finished: Cart Stress Users 1-18
2025-12-08 17:39:59,024 INFO o.a.j.t.JMeterThread: Thread started: Cart Stress Users 1-19
2025-12-08 17:39:59,121 INFO o.a.j.t.JMeterThread: Thread is done: Cart Stress Users 1-19
2025-12-08 17:39:59,121 INFO o.a.j.t.JMeterThread: Thread finished: Cart Stress Users 1-19
2025-12-08 17:39:59,225 INFO o.a.j.t.JMeterThread: Thread started: Cart Stress Users 1-20
2025-12-08 17:39:59,354 INFO o.a.j.t.JMeterThread: Thread is done: Cart Stress Users 1-20
2025-12-08 17:39:59,354 INFO o.a.j.t.JMeterThread: Thread finished: Cart Stress Users 1-20
2025-12-08 17:39:59,422 INFO o.a.j.t.JMeterThread: Thread started: Cart Stress Users 1-21
2025-12-08 17:39:59,524 INFO o.a.j.t.JMeterThread: Thread is done: Cart Stress Users 1-21
2025-12-08 17:39:59,525 INFO o.a.j.t.JMeterThread: Thread finished: Cart Stress Users 1-21
2025-12-08 17:39:59,622 INFO o.a.j.t.JMeterThread: Thread started: Cart Stress Users 1-22
2025-12-08 17:39:59,725 INFO o.a.j.t.JMeterThread: Thread is done: Cart Stress Users 1-22
2025-12-08 17:39:59,726 INFO o.a.j.t.JMeterThread: Thread finished: Cart Stress Users 1-22
2025-12-08 17:39:59,826 INFO o.a.j.t.JMeterThread: Thread started: Cart Stress Users 1-23
2025-12-08 17:39:59,935 INFO o.a.j.t.JMeterThread: Thread is done: Cart Stress Users 1-23
2025-12-08 17:39:59,936 INFO o.a.j.t.JMeterThread: Thread finished: Cart Stress Users 1-23
2025-12-08 17:40:00,022 INFO o.a.j.t.JMeterThread: Thread started: Cart Stress Users 1-24
2025-12-08 17:40:00,113 INFO o.a.j.t.JMeterThread: Thread is done: Cart Stress Users 1-24
2025-12-08 17:40:00,113 INFO o.a.j.t.JMeterThread: Thread finished: Cart Stress Users 1-24
2025-12-08 17:40:00,225 INFO o.a.j.t.JMeterThread: Thread started: Cart Stress Users 1-25
2025-12-08 17:40:00,354 INFO o.a.j.t.JMeterThread: Thread is done: Cart Stress Users 1-25
2025-12-08 17:40:00,354 INFO o.a.j.t.JMeterThread: Thread finished: Cart Stress Users 1-25
2025-12-08 17:40:00,424 INFO o.a.j.t.JMeterThread: Thread started: Cart Stress Users 1-26
2025-12-08 17:40:00,510 INFO o.a.j.t.JMeterThread: Thread is done: Cart Stress Users 1-26
2025-12-08 17:40:00,510 INFO o.a.j.t.JMeterThread: Thread finished: Cart Stress Users 1-26
2025-12-08 17:40:00,625 INFO o.a.j.t.JMeterThread: Thread started: Cart Stress Users 1-27
2025-12-08 17:40:00,733 INFO o.a.j.t.JMeterThread: Thread is done: Cart Stress Users 1-27
2025-12-08 17:40:00,733 INFO o.a.j.t.JMeterThread: Thread finished: Cart Stress Users 1-27
2025-12-08 17:40:00,823 INFO o.a.j.t.JMeterThread: Thread started: Cart Stress Users 1-28
2025-12-08 17:40:00,930 INFO o.a.j.t.JMeterThread: Thread is done: Cart Stress Users 1-28
2025-12-08 17:40:00,930 INFO o.a.j.t.JMeterThread: Thread finished: Cart Stress Users 1-28
2025-12-08 17:40:01,025 INFO o.a.j.t.JMeterThread: Thread started: Cart Stress Users 1-29
2025-12-08 17:40:01,113 INFO o.a.j.t.JMeterThread: Thread is done: Cart Stress Users 1-29
2025-12-08 17:40:01,113 INFO o.a.j.t.JMeterThread: Thread finished: Cart Stress Users 1-29
2025-12-08 17:40:01,225 INFO o.a.j.t.JMeterThread: Thread started: Cart Stress Users 1-30
2025-12-08 17:40:01,333 INFO o.a.j.t.JMeterThread: Thread is done: Cart Stress Users 1-30
2025-12-08 17:40:01,333 INFO o.a.j.t.JMeterThread: Thread finished: Cart Stress Users 1-30
2025-12-08 17:40:01,423 INFO o.a.j.t.JMeterThread: Thread started: Cart Stress Users 1-31
2025-12-08 17:40:01,517 INFO o.a.j.t.JMeterThread: Thread is done: Cart Stress Users 1-31
2025-12-08 17:40:01,517 INFO o.a.j.t.JMeterThread: Thread finished: Cart Stress Users 1-31
2025-12-08 17:40:01,624 INFO o.a.j.t.JMeterThread: Thread started: Cart Stress Users 1-32
2025-12-08 17:40:01,742 INFO o.a.j.t.JMeterThread: Thread is done: Cart Stress Users 1-32
2025-12-08 17:40:01,743 INFO o.a.j.t.JMeterThread: Thread finished: Cart Stress Users 1-32
2025-12-08 17:40:01,824 INFO o.a.j.t.JMeterThread: Thread started: Cart Stress Users 1-33
2025-12-08 17:40:01,970 INFO o.a.j.t.JMeterThread: Thread is done: Cart Stress Users 1-33
2025-12-08 17:40:01,970 INFO o.a.j.t.JMeterThread: Thread finished: Cart Stress Users 1-33
2025-12-08 17:40:02,022 INFO o.a.j.t.JMeterThread: Thread started: Cart Stress Users 1-34
2025-12-08 17:40:02,122 INFO o.a.j.t.JMeterThread: Thread is done: Cart Stress Users 1-34
2025-12-08 17:40:02,122 INFO o.a.j.t.JMeterThread: Thread finished: Cart Stress Users 1-34
2025-12-08 17:40:02,222 INFO o.a.j.t.JMeterThread: Thread started: Cart Stress Users 1-35
2025-12-08 17:40:02,336 INFO o.a.j.t.JMeterThread: Thread is done: Cart Stress Users 1-35
2025-12-08 17:40:02,336 INFO o.a.j.t.JMeterThread: Thread finished: Cart Stress Users 1-35
2025-12-08 17:40:02,425 INFO o.a.j.t.JMeterThread: Thread started: Cart Stress Users 1-36
2025-12-08 17:40:02,513 INFO o.a.j.t.JMeterThread: Thread is done: Cart Stress Users 1-36
2025-12-08 17:40:02,513 INFO o.a.j.t.JMeterThread: Thread finished: Cart Stress Users 1-36
2025-12-08 17:40:02,621 INFO o.a.j.t.JMeterThread: Thread started: Cart Stress Users 1-37
2025-12-08 17:40:02,710 INFO o.a.j.t.JMeterThread: Thread is done: Cart Stress Users 1-37
2025-12-08 17:40:02,710 INFO o.a.j.t.JMeterThread: Thread finished: Cart Stress Users 1-37
2025-12-08 17:40:02,824 INFO o.a.j.t.JMeterThread: Thread started: Cart Stress Users 1-38
2025-12-08 17:40:02,959 INFO o.a.j.t.JMeterThread: Thread is done: Cart Stress Users 1-38
2025-12-08 17:40:02,959 INFO o.a.j.t.JMeterThread: Thread finished: Cart Stress Users 1-38
2025-12-08 17:40:03,023 INFO o.a.j.t.JMeterThread: Thread started: Cart Stress Users 1-39
2025-12-08 17:40:03,119 INFO o.a.j.t.JMeterThread: Thread is done: Cart Stress Users 1-39
2025-12-08 17:40:03,119 INFO o.a.j.t.JMeterThread: Thread finished: Cart Stress Users 1-39
2025-12-08 17:40:03,223 INFO o.a.j.t.JMeterThread: Thread started: Cart Stress Users 1-40
2025-12-08 17:40:03,322 INFO o.a.j.t.JMeterThread: Thread is done: Cart Stress Users 1-40
2025-12-08 17:40:03,322 INFO o.a.j.t.JMeterThread: Thread finished: Cart Stress Users 1-40
2025-12-08 17:40:03,425 INFO o.a.j.t.JMeterThread: Thread started: Cart Stress Users 1-41
2025-12-08 17:40:03,521 INFO o.a.j.t.JMeterThread: Thread is done: Cart Stress Users 1-41
2025-12-08 17:40:03,521 INFO o.a.j.t.JMeterThread: Thread finished: Cart Stress Users 1-41
2025-12-08 17:40:03,625 INFO o.a.j.t.JMeterThread: Thread started: Cart Stress Users 1-42
2025-12-08 17:40:03,714 INFO o.a.j.t.JMeterThread: Thread is done: Cart Stress Users 1-42
2025-12-08 17:40:03,714 INFO o.a.j.t.JMeterThread: Thread finished: Cart Stress Users 1-42
2025-12-08 17:40:03,821 INFO o.a.j.t.JMeterThread: Thread started: Cart Stress Users 1-43
2025-12-08 17:40:03,940 INFO o.a.j.t.JMeterThread: Thread is done: Cart Stress Users 1-43
2025-12-08 17:40:03,940 INFO o.a.j.t.JMeterThread: Thread finished: Cart Stress Users 1-43
2025-12-08 17:40:04,025 INFO o.a.j.t.JMeterThread: Thread started: Cart Stress Users 1-44
2025-12-08 17:40:04,114 INFO o.a.j.t.JMeterThread: Thread is done: Cart Stress Users 1-44
2025-12-08 17:40:04,114 INFO o.a.j.t.JMeterThread: Thread finished: Cart Stress Users 1-44
2025-12-08 17:40:04,225 INFO o.a.j.t.JMeterThread: Thread started: Cart Stress Users 1-45
2025-12-08 17:40:04,319 INFO o.a.j.t.JMeterThread: Thread is done: Cart Stress Users 1-45
2025-12-08 17:40:04,319 INFO o.a.j.t.JMeterThread: Thread finished: Cart Stress Users 1-45
2025-12-08 17:40:04,423 INFO o.a.j.t.JMeterThread: Thread started: Cart Stress Users 1-46
2025-12-08 17:40:04,516 INFO o.a.j.t.JMeterThread: Thread is done: Cart Stress Users 1-46
2025-12-08 17:40:04,516 INFO o.a.j.t.JMeterThread: Thread finished: Cart Stress Users 1-46
2025-12-08 17:40:04,626 INFO o.a.j.t.JMeterThread: Thread started: Cart Stress Users 1-47
2025-12-08 17:40:04,716 INFO o.a.j.t.JMeterThread: Thread is done: Cart Stress Users 1-47
2025-12-08 17:40:04,716 INFO o.a.j.t.JMeterThread: Thread finished: Cart Stress Users 1-47
2025-12-08 17:40:04,822 INFO o.a.j.t.JMeterThread: Thread started: Cart Stress Users 1-48
2025-12-08 17:40:04,949 INFO o.a.j.t.JMeterThread: Thread is done: Cart Stress Users 1-48
2025-12-08 17:40:04,949 INFO o.a.j.t.JMeterThread: Thread finished: Cart Stress Users 1-48
2025-12-08 17:40:05,026 INFO o.a.j.t.JMeterThread: Thread started: Cart Stress Users 1-49
2025-12-08 17:40:05,108 INFO o.a.j.t.JMeterThread: Thread is done: Cart Stress Users 1-49
2025-12-08 17:40:05,108 INFO o.a.j.t.JMeterThread: Thread finished: Cart Stress Users 1-49
2025-12-08 17:40:05,222 INFO o.a.j.t.JMeterThread: Thread started: Cart Stress Users 1-50
2025-12-08 17:40:05,306 INFO o.a.j.t.JMeterThread: Thread is done: Cart Stress Users 1-50
2025-12-08 17:40:05,306 INFO o.a.j.t.JMeterThread: Thread finished: Cart Stress Users 1-50
2025-12-08 17:40:05,306 INFO o.a.j.e.StandardJMeterEngine: Notifying test listeners of end of test
2025-12-08 17:40:05,306 INFO o.a.j.g.u.JMeterMenuBar: setRunning(false, *local*)
